2023-11-16 09:12:02.545 INFO  org.hibernate.validator.internal.util.Version     :21   [32m                  [0;39m HV000001: Hibernate Validator 8.0.0.Final
2023-11-16 09:12:02.582 INFO  com.kevin.train.gateway.GatewayApplication        :51   [32m                  [0;39m Starting GatewayApplication using Java 17.0.9 with PID 11916 (F:\JavaTest\train\train-gateway\target\classes started by Lenovo in F:\JavaTest\train)
2023-11-16 09:12:02.583 INFO  com.kevin.train.gateway.GatewayApplication        :630  [32m                  [0;39m No active profile set, falling back to 1 default profile: "default"
2023-11-16 09:12:02.620 INFO  o.s.b.d.env.DevToolsPropertyDefaultsPostProcessor :250  [32m                  [0;39m Devtools property defaults active! Set 'spring.devtools.add-properties' to 'false' to disable
2023-11-16 09:12:02.622 INFO  o.s.b.d.env.DevToolsPropertyDefaultsPostProcessor :250  [32m                  [0;39m For additional web related logging consider setting the 'logging.level.web' property to 'DEBUG'
2023-11-16 09:12:03.123 INFO  o.springframework.cloud.context.scope.GenericScope:282  [32m                  [0;39m BeanFactory id=959fa138-7fe9-33b0-9cea-2f63b5b874c6
2023-11-16 09:12:03.913 INFO  o.s.c.gateway.route.RouteDefinitionRouteLocator   :89   [32m                  [0;39m Loaded RoutePredicateFactory [After]
2023-11-16 09:12:03.913 INFO  o.s.c.gateway.route.RouteDefinitionRouteLocator   :89   [32m                  [0;39m Loaded RoutePredicateFactory [Before]
2023-11-16 09:12:03.913 INFO  o.s.c.gateway.route.RouteDefinitionRouteLocator   :89   [32m                  [0;39m Loaded RoutePredicateFactory [Between]
2023-11-16 09:12:03.913 INFO  o.s.c.gateway.route.RouteDefinitionRouteLocator   :89   [32m                  [0;39m Loaded RoutePredicateFactory [Cookie]
2023-11-16 09:12:03.913 INFO  o.s.c.gateway.route.RouteDefinitionRouteLocator   :89   [32m                  [0;39m Loaded RoutePredicateFactory [Header]
2023-11-16 09:12:03.914 INFO  o.s.c.gateway.route.RouteDefinitionRouteLocator   :89   [32m                  [0;39m Loaded RoutePredicateFactory [Host]
2023-11-16 09:12:03.914 INFO  o.s.c.gateway.route.RouteDefinitionRouteLocator   :89   [32m                  [0;39m Loaded RoutePredicateFactory [Method]
2023-11-16 09:12:03.914 INFO  o.s.c.gateway.route.RouteDefinitionRouteLocator   :89   [32m                  [0;39m Loaded RoutePredicateFactory [Path]
2023-11-16 09:12:03.914 INFO  o.s.c.gateway.route.RouteDefinitionRouteLocator   :89   [32m                  [0;39m Loaded RoutePredicateFactory [Query]
2023-11-16 09:12:03.914 INFO  o.s.c.gateway.route.RouteDefinitionRouteLocator   :89   [32m                  [0;39m Loaded RoutePredicateFactory [ReadBody]
2023-11-16 09:12:03.914 INFO  o.s.c.gateway.route.RouteDefinitionRouteLocator   :89   [32m                  [0;39m Loaded RoutePredicateFactory [RemoteAddr]
2023-11-16 09:12:03.914 INFO  o.s.c.gateway.route.RouteDefinitionRouteLocator   :89   [32m                  [0;39m Loaded RoutePredicateFactory [XForwardedRemoteAddr]
2023-11-16 09:12:03.914 INFO  o.s.c.gateway.route.RouteDefinitionRouteLocator   :89   [32m                  [0;39m Loaded RoutePredicateFactory [Weight]
2023-11-16 09:12:03.914 INFO  o.s.c.gateway.route.RouteDefinitionRouteLocator   :89   [32m                  [0;39m Loaded RoutePredicateFactory [CloudFoundryRouteService]
2023-11-16 09:12:04.047 INFO  o.s.b.d.autoconfigure.OptionalLiveReloadServer    :59   [32m                  [0;39m LiveReload server is running on port 35729
2023-11-16 09:12:04.642 INFO  o.s.boot.web.embedded.netty.NettyWebServer        :111  [32m                  [0;39m Netty started on port 8000
2023-11-16 09:12:05.329 INFO  com.kevin.train.gateway.GatewayApplication        :57   [32m                  [0;39m Started GatewayApplication in 3.799 seconds (process running for 4.53)
2023-11-16 09:12:05.331 INFO  com.kevin.train.gateway.GatewayApplication        :21   [32m                  [0;39m member模块启动成功！
2023-11-16 09:12:05.332 INFO  com.kevin.train.gateway.GatewayApplication        :22   [32m                  [0;39m 网关地址：	http://127.0.0.1:8000
2023-11-16 09:12:24.262 INFO  org.hibernate.validator.internal.util.Version     :21   [32m                  [0;39m HV000001: Hibernate Validator 8.0.0.Final
2023-11-16 09:12:24.295 INFO  com.kevin.train.gateway.GatewayApplication        :51   [32m                  [0;39m Starting GatewayApplication using Java 17.0.9 with PID 29300 (F:\JavaTest\train\train-gateway\target\classes started by Lenovo in F:\JavaTest\train)
2023-11-16 09:12:24.296 INFO  com.kevin.train.gateway.GatewayApplication        :630  [32m                  [0;39m No active profile set, falling back to 1 default profile: "default"
2023-11-16 09:12:24.334 INFO  o.s.b.d.env.DevToolsPropertyDefaultsPostProcessor :250  [32m                  [0;39m Devtools property defaults active! Set 'spring.devtools.add-properties' to 'false' to disable
2023-11-16 09:12:24.335 INFO  o.s.b.d.env.DevToolsPropertyDefaultsPostProcessor :250  [32m                  [0;39m For additional web related logging consider setting the 'logging.level.web' property to 'DEBUG'
2023-11-16 09:12:24.825 INFO  o.springframework.cloud.context.scope.GenericScope:282  [32m                  [0;39m BeanFactory id=959fa138-7fe9-33b0-9cea-2f63b5b874c6
2023-11-16 09:12:25.634 INFO  o.s.c.gateway.route.RouteDefinitionRouteLocator   :89   [32m                  [0;39m Loaded RoutePredicateFactory [After]
2023-11-16 09:12:25.635 INFO  o.s.c.gateway.route.RouteDefinitionRouteLocator   :89   [32m                  [0;39m Loaded RoutePredicateFactory [Before]
2023-11-16 09:12:25.635 INFO  o.s.c.gateway.route.RouteDefinitionRouteLocator   :89   [32m                  [0;39m Loaded RoutePredicateFactory [Between]
2023-11-16 09:12:25.635 INFO  o.s.c.gateway.route.RouteDefinitionRouteLocator   :89   [32m                  [0;39m Loaded RoutePredicateFactory [Cookie]
2023-11-16 09:12:25.635 INFO  o.s.c.gateway.route.RouteDefinitionRouteLocator   :89   [32m                  [0;39m Loaded RoutePredicateFactory [Header]
2023-11-16 09:12:25.635 INFO  o.s.c.gateway.route.RouteDefinitionRouteLocator   :89   [32m                  [0;39m Loaded RoutePredicateFactory [Host]
2023-11-16 09:12:25.635 INFO  o.s.c.gateway.route.RouteDefinitionRouteLocator   :89   [32m                  [0;39m Loaded RoutePredicateFactory [Method]
2023-11-16 09:12:25.635 INFO  o.s.c.gateway.route.RouteDefinitionRouteLocator   :89   [32m                  [0;39m Loaded RoutePredicateFactory [Path]
2023-11-16 09:12:25.636 INFO  o.s.c.gateway.route.RouteDefinitionRouteLocator   :89   [32m                  [0;39m Loaded RoutePredicateFactory [Query]
2023-11-16 09:12:25.636 INFO  o.s.c.gateway.route.RouteDefinitionRouteLocator   :89   [32m                  [0;39m Loaded RoutePredicateFactory [ReadBody]
2023-11-16 09:12:25.636 INFO  o.s.c.gateway.route.RouteDefinitionRouteLocator   :89   [32m                  [0;39m Loaded RoutePredicateFactory [RemoteAddr]
2023-11-16 09:12:25.636 INFO  o.s.c.gateway.route.RouteDefinitionRouteLocator   :89   [32m                  [0;39m Loaded RoutePredicateFactory [XForwardedRemoteAddr]
2023-11-16 09:12:25.636 INFO  o.s.c.gateway.route.RouteDefinitionRouteLocator   :89   [32m                  [0;39m Loaded RoutePredicateFactory [Weight]
2023-11-16 09:12:25.636 INFO  o.s.c.gateway.route.RouteDefinitionRouteLocator   :89   [32m                  [0;39m Loaded RoutePredicateFactory [CloudFoundryRouteService]
2023-11-16 09:12:25.766 INFO  o.s.b.d.autoconfigure.OptionalLiveReloadServer    :59   [32m                  [0;39m LiveReload server is running on port 35729
2023-11-16 09:12:26.375 INFO  o.s.boot.web.embedded.netty.NettyWebServer        :111  [32m                  [0;39m Netty started on port 8000
2023-11-16 09:12:27.129 INFO  com.kevin.train.gateway.GatewayApplication        :57   [32m                  [0;39m Started GatewayApplication in 3.782 seconds (process running for 4.476)
2023-11-16 09:12:27.132 INFO  com.kevin.train.gateway.GatewayApplication        :21   [32m                  [0;39m member模块启动成功！
2023-11-16 09:12:27.133 INFO  com.kevin.train.gateway.GatewayApplication        :22   [32m                  [0;39m 网关地址：	http://127.0.0.1:8000
2023-11-16 09:14:54.156 INFO  org.hibernate.validator.internal.util.Version     :21   [32m                  [0;39m HV000001: Hibernate Validator 8.0.0.Final
2023-11-16 09:14:54.192 INFO  com.kevin.train.gateway.GatewayApplication        :51   [32m                  [0;39m Starting GatewayApplication using Java 17.0.9 with PID 20332 (F:\JavaTest\train\train-gateway\target\classes started by Lenovo in F:\JavaTest\train)
2023-11-16 09:14:54.193 INFO  com.kevin.train.gateway.GatewayApplication        :630  [32m                  [0;39m No active profile set, falling back to 1 default profile: "default"
2023-11-16 09:14:54.233 INFO  o.s.b.d.env.DevToolsPropertyDefaultsPostProcessor :250  [32m                  [0;39m Devtools property defaults active! Set 'spring.devtools.add-properties' to 'false' to disable
2023-11-16 09:14:54.233 INFO  o.s.b.d.env.DevToolsPropertyDefaultsPostProcessor :250  [32m                  [0;39m For additional web related logging consider setting the 'logging.level.web' property to 'DEBUG'
2023-11-16 09:14:54.764 INFO  o.springframework.cloud.context.scope.GenericScope:282  [32m                  [0;39m BeanFactory id=959fa138-7fe9-33b0-9cea-2f63b5b874c6
2023-11-16 09:14:55.600 INFO  o.s.c.gateway.route.RouteDefinitionRouteLocator   :89   [32m                  [0;39m Loaded RoutePredicateFactory [After]
2023-11-16 09:14:55.601 INFO  o.s.c.gateway.route.RouteDefinitionRouteLocator   :89   [32m                  [0;39m Loaded RoutePredicateFactory [Before]
2023-11-16 09:14:55.601 INFO  o.s.c.gateway.route.RouteDefinitionRouteLocator   :89   [32m                  [0;39m Loaded RoutePredicateFactory [Between]
2023-11-16 09:14:55.601 INFO  o.s.c.gateway.route.RouteDefinitionRouteLocator   :89   [32m                  [0;39m Loaded RoutePredicateFactory [Cookie]
2023-11-16 09:14:55.601 INFO  o.s.c.gateway.route.RouteDefinitionRouteLocator   :89   [32m                  [0;39m Loaded RoutePredicateFactory [Header]
2023-11-16 09:14:55.601 INFO  o.s.c.gateway.route.RouteDefinitionRouteLocator   :89   [32m                  [0;39m Loaded RoutePredicateFactory [Host]
2023-11-16 09:14:55.601 INFO  o.s.c.gateway.route.RouteDefinitionRouteLocator   :89   [32m                  [0;39m Loaded RoutePredicateFactory [Method]
2023-11-16 09:14:55.602 INFO  o.s.c.gateway.route.RouteDefinitionRouteLocator   :89   [32m                  [0;39m Loaded RoutePredicateFactory [Path]
2023-11-16 09:14:55.602 INFO  o.s.c.gateway.route.RouteDefinitionRouteLocator   :89   [32m                  [0;39m Loaded RoutePredicateFactory [Query]
2023-11-16 09:14:55.602 INFO  o.s.c.gateway.route.RouteDefinitionRouteLocator   :89   [32m                  [0;39m Loaded RoutePredicateFactory [ReadBody]
2023-11-16 09:14:55.602 INFO  o.s.c.gateway.route.RouteDefinitionRouteLocator   :89   [32m                  [0;39m Loaded RoutePredicateFactory [RemoteAddr]
2023-11-16 09:14:55.602 INFO  o.s.c.gateway.route.RouteDefinitionRouteLocator   :89   [32m                  [0;39m Loaded RoutePredicateFactory [XForwardedRemoteAddr]
2023-11-16 09:14:55.602 INFO  o.s.c.gateway.route.RouteDefinitionRouteLocator   :89   [32m                  [0;39m Loaded RoutePredicateFactory [Weight]
2023-11-16 09:14:55.603 INFO  o.s.c.gateway.route.RouteDefinitionRouteLocator   :89   [32m                  [0;39m Loaded RoutePredicateFactory [CloudFoundryRouteService]
2023-11-16 09:14:56.400 INFO  o.s.b.d.autoconfigure.OptionalLiveReloadServer    :59   [32m                  [0;39m LiveReload server is running on port 35729
2023-11-16 09:14:57.074 INFO  o.s.boot.web.embedded.netty.NettyWebServer        :111  [32m                  [0;39m Netty started on port 8000
2023-11-16 09:14:57.846 INFO  com.kevin.train.gateway.GatewayApplication        :57   [32m                  [0;39m Started GatewayApplication in 4.568 seconds (process running for 5.278)
2023-11-16 09:14:57.849 INFO  com.kevin.train.gateway.GatewayApplication        :21   [32m                  [0;39m gateway模块启动成功！
2023-11-16 09:14:57.849 INFO  com.kevin.train.gateway.GatewayApplication        :22   [32m                  [0;39m 网关地址：	http://127.0.0.1:8000
2023-11-16 09:15:29.422 INFO  org.hibernate.validator.internal.util.Version     :21   [32m                  [0;39m HV000001: Hibernate Validator 8.0.0.Final
2023-11-16 09:15:29.454 INFO  com.kevin.train.gateway.GatewayApplication        :51   [32m                  [0;39m Starting GatewayApplication using Java 17.0.9 with PID 27808 (F:\JavaTest\train\train-gateway\target\classes started by Lenovo in F:\JavaTest\train)
2023-11-16 09:15:29.455 INFO  com.kevin.train.gateway.GatewayApplication        :630  [32m                  [0;39m No active profile set, falling back to 1 default profile: "default"
2023-11-16 09:15:29.487 INFO  o.s.b.d.env.DevToolsPropertyDefaultsPostProcessor :250  [32m                  [0;39m Devtools property defaults active! Set 'spring.devtools.add-properties' to 'false' to disable
2023-11-16 09:15:29.488 INFO  o.s.b.d.env.DevToolsPropertyDefaultsPostProcessor :250  [32m                  [0;39m For additional web related logging consider setting the 'logging.level.web' property to 'DEBUG'
2023-11-16 09:15:29.961 INFO  o.springframework.cloud.context.scope.GenericScope:282  [32m                  [0;39m BeanFactory id=959fa138-7fe9-33b0-9cea-2f63b5b874c6
2023-11-16 09:15:30.778 INFO  o.s.c.gateway.route.RouteDefinitionRouteLocator   :89   [32m                  [0;39m Loaded RoutePredicateFactory [After]
2023-11-16 09:15:30.779 INFO  o.s.c.gateway.route.RouteDefinitionRouteLocator   :89   [32m                  [0;39m Loaded RoutePredicateFactory [Before]
2023-11-16 09:15:30.779 INFO  o.s.c.gateway.route.RouteDefinitionRouteLocator   :89   [32m                  [0;39m Loaded RoutePredicateFactory [Between]
2023-11-16 09:15:30.779 INFO  o.s.c.gateway.route.RouteDefinitionRouteLocator   :89   [32m                  [0;39m Loaded RoutePredicateFactory [Cookie]
2023-11-16 09:15:30.779 INFO  o.s.c.gateway.route.RouteDefinitionRouteLocator   :89   [32m                  [0;39m Loaded RoutePredicateFactory [Header]
2023-11-16 09:15:30.779 INFO  o.s.c.gateway.route.RouteDefinitionRouteLocator   :89   [32m                  [0;39m Loaded RoutePredicateFactory [Host]
2023-11-16 09:15:30.779 INFO  o.s.c.gateway.route.RouteDefinitionRouteLocator   :89   [32m                  [0;39m Loaded RoutePredicateFactory [Method]
2023-11-16 09:15:30.779 INFO  o.s.c.gateway.route.RouteDefinitionRouteLocator   :89   [32m                  [0;39m Loaded RoutePredicateFactory [Path]
2023-11-16 09:15:30.780 INFO  o.s.c.gateway.route.RouteDefinitionRouteLocator   :89   [32m                  [0;39m Loaded RoutePredicateFactory [Query]
2023-11-16 09:15:30.780 INFO  o.s.c.gateway.route.RouteDefinitionRouteLocator   :89   [32m                  [0;39m Loaded RoutePredicateFactory [ReadBody]
2023-11-16 09:15:30.780 INFO  o.s.c.gateway.route.RouteDefinitionRouteLocator   :89   [32m                  [0;39m Loaded RoutePredicateFactory [RemoteAddr]
2023-11-16 09:15:30.780 INFO  o.s.c.gateway.route.RouteDefinitionRouteLocator   :89   [32m                  [0;39m Loaded RoutePredicateFactory [XForwardedRemoteAddr]
2023-11-16 09:15:30.780 INFO  o.s.c.gateway.route.RouteDefinitionRouteLocator   :89   [32m                  [0;39m Loaded RoutePredicateFactory [Weight]
2023-11-16 09:15:30.780 INFO  o.s.c.gateway.route.RouteDefinitionRouteLocator   :89   [32m                  [0;39m Loaded RoutePredicateFactory [CloudFoundryRouteService]
2023-11-16 09:15:30.906 INFO  o.s.b.d.autoconfigure.OptionalLiveReloadServer    :59   [32m                  [0;39m LiveReload server is running on port 35729
2023-11-16 09:15:31.531 INFO  o.s.boot.web.embedded.netty.NettyWebServer        :111  [32m                  [0;39m Netty started on port 8000
2023-11-16 09:15:32.216 INFO  com.kevin.train.gateway.GatewayApplication        :57   [32m                  [0;39m Started GatewayApplication in 3.664 seconds (process running for 4.445)
2023-11-16 09:15:32.220 INFO  com.kevin.train.gateway.GatewayApplication        :21   [32m                  [0;39m gateway模块启动成功！
2023-11-16 09:15:32.220 INFO  com.kevin.train.gateway.GatewayApplication        :22   [32m                  [0;39m 网关地址：	http://127.0.0.1:8000
2023-11-16 09:17:19.335 INFO  org.hibernate.validator.internal.util.Version     :21   [32m                  [0;39m HV000001: Hibernate Validator 8.0.0.Final
2023-11-16 09:17:19.367 INFO  com.kevin.train.gateway.GatewayApplication        :51   [32m                  [0;39m Starting GatewayApplication using Java 17.0.9 with PID 17432 (F:\JavaTest\train\train-gateway\target\classes started by Lenovo in F:\JavaTest\train)
2023-11-16 09:17:19.368 INFO  com.kevin.train.gateway.GatewayApplication        :630  [32m                  [0;39m No active profile set, falling back to 1 default profile: "default"
2023-11-16 09:17:19.402 INFO  o.s.b.d.env.DevToolsPropertyDefaultsPostProcessor :250  [32m                  [0;39m Devtools property defaults active! Set 'spring.devtools.add-properties' to 'false' to disable
2023-11-16 09:17:19.402 INFO  o.s.b.d.env.DevToolsPropertyDefaultsPostProcessor :250  [32m                  [0;39m For additional web related logging consider setting the 'logging.level.web' property to 'DEBUG'
2023-11-16 09:17:19.889 INFO  o.springframework.cloud.context.scope.GenericScope:282  [32m                  [0;39m BeanFactory id=959fa138-7fe9-33b0-9cea-2f63b5b874c6
2023-11-16 09:17:20.720 INFO  o.s.c.gateway.route.RouteDefinitionRouteLocator   :89   [32m                  [0;39m Loaded RoutePredicateFactory [After]
2023-11-16 09:17:20.720 INFO  o.s.c.gateway.route.RouteDefinitionRouteLocator   :89   [32m                  [0;39m Loaded RoutePredicateFactory [Before]
2023-11-16 09:17:20.720 INFO  o.s.c.gateway.route.RouteDefinitionRouteLocator   :89   [32m                  [0;39m Loaded RoutePredicateFactory [Between]
2023-11-16 09:17:20.720 INFO  o.s.c.gateway.route.RouteDefinitionRouteLocator   :89   [32m                  [0;39m Loaded RoutePredicateFactory [Cookie]
2023-11-16 09:17:20.720 INFO  o.s.c.gateway.route.RouteDefinitionRouteLocator   :89   [32m                  [0;39m Loaded RoutePredicateFactory [Header]
2023-11-16 09:17:20.720 INFO  o.s.c.gateway.route.RouteDefinitionRouteLocator   :89   [32m                  [0;39m Loaded RoutePredicateFactory [Host]
2023-11-16 09:17:20.720 INFO  o.s.c.gateway.route.RouteDefinitionRouteLocator   :89   [32m                  [0;39m Loaded RoutePredicateFactory [Method]
2023-11-16 09:17:20.721 INFO  o.s.c.gateway.route.RouteDefinitionRouteLocator   :89   [32m                  [0;39m Loaded RoutePredicateFactory [Path]
2023-11-16 09:17:20.721 INFO  o.s.c.gateway.route.RouteDefinitionRouteLocator   :89   [32m                  [0;39m Loaded RoutePredicateFactory [Query]
2023-11-16 09:17:20.721 INFO  o.s.c.gateway.route.RouteDefinitionRouteLocator   :89   [32m                  [0;39m Loaded RoutePredicateFactory [ReadBody]
2023-11-16 09:17:20.721 INFO  o.s.c.gateway.route.RouteDefinitionRouteLocator   :89   [32m                  [0;39m Loaded RoutePredicateFactory [RemoteAddr]
2023-11-16 09:17:20.721 INFO  o.s.c.gateway.route.RouteDefinitionRouteLocator   :89   [32m                  [0;39m Loaded RoutePredicateFactory [XForwardedRemoteAddr]
2023-11-16 09:17:20.721 INFO  o.s.c.gateway.route.RouteDefinitionRouteLocator   :89   [32m                  [0;39m Loaded RoutePredicateFactory [Weight]
2023-11-16 09:17:20.721 INFO  o.s.c.gateway.route.RouteDefinitionRouteLocator   :89   [32m                  [0;39m Loaded RoutePredicateFactory [CloudFoundryRouteService]
2023-11-16 09:17:20.873 INFO  o.s.b.d.autoconfigure.OptionalLiveReloadServer    :59   [32m                  [0;39m LiveReload server is running on port 35729
2023-11-16 09:17:21.575 INFO  o.s.boot.web.embedded.netty.NettyWebServer        :111  [32m                  [0;39m Netty started on port 8000
2023-11-16 09:17:22.374 INFO  com.kevin.train.gateway.GatewayApplication        :57   [32m                  [0;39m Started GatewayApplication in 3.822 seconds (process running for 4.559)
2023-11-16 09:17:22.377 INFO  com.kevin.train.gateway.GatewayApplication        :21   [32m                  [0;39m gateway模块启动成功！
2023-11-16 09:17:22.377 INFO  com.kevin.train.gateway.GatewayApplication        :22   [32m                  [0;39m 网关地址：	http://127.0.0.1:8000
